<?xml version="1.0" encoding="UTF-8"?>
<!-- Generated by org.testng.reporters.JUnitReportReporter -->
<testsuite hostname="DESKTOP-UGQCLB1" failures="0" tests="1" name="Academy.ValidateNavigationBar" time="0.115" errors="0" timestamp="21 Jul 2022 16:08:16 GMT">
  <testcase classname="Academy.ValidateNavigationBar" name="basepageNavigation" time="0.115"/>
</testsuite> <!-- Academy.ValidateNavigationBar -->
