<?xml version="1.0" encoding="UTF-8"?>
<!-- Generated by org.testng.reporters.JUnitReportReporter -->
<testsuite hostname="DESKTOP-UGQCLB1" failures="0" tests="1" name="Academy.AppTest" time="0.001" errors="0" timestamp="21 Jul 2022 16:08:16 GMT">
  <testcase classname="Academy.AppTest" name="shouldAnswerWithTrue" time="0.001"/>
</testsuite> <!-- Academy.AppTest -->
