<?xml version="1.0" encoding="UTF-8"?>
<!-- Generated by org.testng.reporters.JUnitReportReporter -->
<testsuite hostname="DESKTOP-UGQCLB1" failures="0" tests="2" name="Academy.E2EProject.HomePage" time="37.058" errors="0" timestamp="2022-07-11T21:51:52 IST" skipped="0">
  <testcase classname="Academy.E2EProject.HomePage" name="basepageNavigation" time="21.719"/>
  <system-out/>
  <testcase classname="Academy.E2EProject.HomePage" name="basepageNavigation" time="15.339"/>
  <system-out/>
</testsuite> <!-- Academy.E2EProject.HomePage -->
