<?xml version="1.0" encoding="UTF-8"?>
<!-- Generated by org.testng.reporters.JUnitReportReporter -->
<testsuite hostname="DESKTOP-UGQCLB1" failures="0" tests="1" name="Academy.E2EProject.ValidateCourses" time="0.087" errors="0" timestamp="2022-07-11T21:51:52 IST" skipped="0">
  <testcase classname="Academy.E2EProject.ValidateCourses" name="basepageNavigation" time="0.087"/>
  <system-out/>
</testsuite> <!-- Academy.E2EProject.ValidateCourses -->
