<?xml version="1.0" encoding="UTF-8"?>
<!-- Generated by org.testng.reporters.JUnitReportReporter -->
<testsuite hostname="DESKTOP-UGQCLB1" failures="0" tests="1" name="Academy.E2EProject.AppTest" time="0.010" errors="0" timestamp="2022-07-11T21:51:52 IST" skipped="0">
  <testcase classname="Academy.E2EProject.AppTest" name="shouldAnswerWithTrue" time="0.010"/>
  <system-out/>
</testsuite> <!-- Academy.E2EProject.AppTest -->
